<?xml version="1.0" encoding="UTF-8"?>
<testng-results skipped="0" failed="0" ignored="0" total="2" passed="2">
  <reporter-output>
  </reporter-output>
  <suite name="Suite" duration-ms="52635" started-at="2020-01-23T18:28:51 IST" finished-at="2020-01-23T18:29:43 IST">
    <groups>
    </groups>
    <test name="Test" duration-ms="9" started-at="2020-01-23T18:28:51 IST" finished-at="2020-01-23T18:28:51 IST">
    </test> <!-- Test -->
    <test name="Test1" duration-ms="52605" started-at="2020-01-23T18:28:51 IST" finished-at="2020-01-23T18:29:43 IST">
      <class name="academy.HomePage">
        <test-method status="PASS" signature="initialize()[pri:0, instance:academy.HomePage@268f106e]" name="initialize" is-config="true" duration-ms="4168" started-at="2020-01-23T18:28:51 IST" finished-at="2020-01-23T18:28:55 IST">
          <reporter-output>
          </reporter-output>
        </test-method> <!-- initialize -->
        <test-method status="PASS" signature="basePageNavigation(java.lang.String, java.lang.String)[pri:0, instance:academy.HomePage@268f106e]" name="basePageNavigation" duration-ms="40743" started-at="2020-01-23T18:28:55 IST" data-provider="getData" finished-at="2020-01-23T18:29:36 IST">
          <params>
            <param index="0">
              <value>
                <![CDATA[nonrestricteduser@qw.com]]>
              </value>
            </param>
            <param index="1">
              <value>
                <![CDATA[123456]]>
              </value>
            </param>
          </params>
          <reporter-output>
          </reporter-output>
        </test-method> <!-- basePageNavigation -->
        <test-method status="PASS" signature="basePageNavigation(java.lang.String, java.lang.String)[pri:0, instance:academy.HomePage@268f106e]" name="basePageNavigation" duration-ms="7595" started-at="2020-01-23T18:29:36 IST" data-provider="getData" finished-at="2020-01-23T18:29:43 IST">
          <params>
            <param index="0">
              <value>
                <![CDATA[restricteduser@qw.com]]>
              </value>
            </param>
            <param index="1">
              <value>
                <![CDATA[456789]]>
              </value>
            </param>
          </params>
          <reporter-output>
          </reporter-output>
        </test-method> <!-- basePageNavigation -->
        <test-method status="PASS" signature="teardown()[pri:0, instance:academy.HomePage@268f106e]" name="teardown" is-config="true" duration-ms="70" started-at="2020-01-23T18:29:43 IST" finished-at="2020-01-23T18:29:43 IST">
          <reporter-output>
          </reporter-output>
        </test-method> <!-- teardown -->
      </class> <!-- academy.HomePage -->
    </test> <!-- Test1 -->
  </suite> <!-- Suite -->
</testng-results>
